--------------- Build Started: 10/22/2022 15:04:40 Project: minimum_rust_start, Configuration: ARM GCC 5.4-2016-q2-update Release ---------------
The code generation step is up to date.
arm-none-eabi-gcc.exe -mcpu=cortex-m0plus -mthumb -I..\..\..\start -I. -IGenerated_Source\PSoC6 -IGenerated_Source\PSoC6\pdl\cmsis/include/ -IGenerated_Source\PSoC6\pdl\devices/psoc6/include/ -IGenerated_Source\PSoC6\pdl\devices/psoc6/include/ip/ -IGenerated_Source\PSoC6\pdl\drivers/peripheral/ -IGenerated_Source\PSoC6\pdl\drivers/peripheral/device/ -IGenerated_Source\PSoC6\pdl\drivers/peripheral/efuse/ -IGenerated_Source\PSoC6\pdl\drivers/peripheral/flash/ -IGenerated_Source\PSoC6\pdl\drivers/peripheral/gpio/ -IGenerated_Source\PSoC6\pdl\drivers/peripheral/ipc/ -IGenerated_Source\PSoC6\pdl\drivers/peripheral/lvd/ -IGenerated_Source\PSoC6\pdl\drivers/peripheral/profile/ -IGenerated_Source\PSoC6\pdl\drivers/peripheral/prot/ -IGenerated_Source\PSoC6\pdl\drivers/peripheral/sysanalog/ -IGenerated_Source\PSoC6\pdl\drivers/peripheral/sysclk/ -IGenerated_Source\PSoC6\pdl\drivers/peripheral/sysint/ -IGenerated_Source\PSoC6\pdl\drivers/peripheral/syslib/ -IGenerated_Source\PSoC6\pdl\drivers/peripheral/syspm/ -IGenerated_Source\PSoC6\pdl\drivers/peripheral/systick/ -IGenerated_Source\PSoC6\pdl\drivers/peripheral/trigmux/ -IGenerated_Source\PSoC6\pdl\drivers/peripheral/wdt/ -IGenerated_Source\PSoC6\pdl\middleware/ -Wa,-alh=.\CortexM0p\ARM_GCC_541\Release/main_cm0p.lst -g -D NDEBUG -D CY_CORE_ID=0 -D CY_PSOC_CREATOR_USED=1 -D CYBLE_416045_02 -Wall -ffunction-sections -ffat-lto-objects -Os -c main_cm0p.c -o .\CortexM0p\ARM_GCC_541\Release\main_cm0p.o
arm-none-eabi-gcc.exe -Wl,--start-group -o C:\Users\Dave\Documents\fossils\psoc_start\psoc\Rust\minimum_rust_start.cydsn\CortexM0p\ARM_GCC_541\Release\minimum_rust_start_link.elf .\CortexM0p\ARM_GCC_541\Release\startup_psoc6_01_cm0plus.o .\CortexM0p\ARM_GCC_541\Release\main_cm0p.o .\CortexM0p\ARM_GCC_541\Release\system_psoc6_cm0plus.o .\CortexM0p\ARM_GCC_541\Release\cyfitter_sysint_cfg.o .\CortexM0p\ARM_GCC_541\Release\cyfitter_cfg.o .\CortexM0p\ARM_GCC_541\Release\cymetadata.o .\CortexM0p\ARM_GCC_541\Release\cy_efuse.o .\CortexM0p\ARM_GCC_541\Release\cy_flash.o .\CortexM0p\ARM_GCC_541\Release\cy_gpio.o .\CortexM0p\ARM_GCC_541\Release\cy_ipc_drv.o .\CortexM0p\ARM_GCC_541\Release\cy_ipc_sema.o .\CortexM0p\ARM_GCC_541\Release\cy_ipc_pipe.o .\CortexM0p\ARM_GCC_541\Release\cy_lvd.o .\CortexM0p\ARM_GCC_541\Release\cy_profile.o .\CortexM0p\ARM_GCC_541\Release\cy_prot.o .\CortexM0p\ARM_GCC_541\Release\cy_sysanalog.o .\CortexM0p\ARM_GCC_541\Release\cy_sysclk.o .\CortexM0p\ARM_GCC_541\Release\cy_sysint.o .\CortexM0p\ARM_GCC_541\Release\cy_syslib.o .\CortexM0p\ARM_GCC_541\Release\cy_syslib_gcc.o .\CortexM0p\ARM_GCC_541\Release\cy_syspm.o .\CortexM0p\ARM_GCC_541\Release\cy_systick.o .\CortexM0p\ARM_GCC_541\Release\cy_trigmux.o .\CortexM0p\ARM_GCC_541\Release\cy_wdt.o .\CortexM0p\ARM_GCC_541\Release\cy_device.o .\CortexM0p\ARM_GCC_541\Release\cy_ble_clk.o -mcpu=cortex-m0plus -mthumb -l start -L Generated_Source\PSoC6 -L ..\..\..\start\target\thumbv6m-none-eabi\release -Wl,-Map,.\CortexM0p\ARM_GCC_541\Release/minimum_rust_start.map -T cy8c6xx7_cm0plus.ld -specs=nano.specs -Wl,--gc-sections -g -ffunction-sections -Os -ffat-lto-objects -Wl,--end-group
"C:\Program Files (x86)\Cypress\PDL\3.1.3\tools\win\elf\cymcuelftool.exe" --sign C:\Users\Dave\Documents\fossils\psoc_start\psoc\Rust\minimum_rust_start.cydsn\CortexM0p\ARM_GCC_541\Release\minimum_rust_start_link.elf --output C:\Users\Dave\Documents\fossils\psoc_start\psoc\Rust\minimum_rust_start.cydsn\CortexM0p\ARM_GCC_541\Release\minimum_rust_start.elf --hex C:\Users\Dave\Documents\fossils\psoc_start\psoc\Rust\minimum_rust_start.cydsn\CortexM0p\ARM_GCC_541\Release\minimum_rust_start.hex
No ELF section .cychecksum found, creating one
Application checksum calculated and stored in ELF section .cychecksum
Checksum calculated and stored in ELF section .cymeta
The compile step is up to date, no work needs to be done.
The link step is up to date, no work needs to be done.
"C:\Program Files (x86)\Cypress\PDL\3.1.3\tools\win\elf\cymcuelftool.exe" --sign C:\Users\Dave\Documents\fossils\psoc_start\psoc\Rust\minimum_rust_start.cydsn\CortexM4\ARM_GCC_541\Release\minimum_rust_start_link.elf --output C:\Users\Dave\Documents\fossils\psoc_start\psoc\Rust\minimum_rust_start.cydsn\CortexM4\ARM_GCC_541\Release\minimum_rust_start_signed.elf --hex C:\Users\Dave\Documents\fossils\psoc_start\psoc\Rust\minimum_rust_start.cydsn\CortexM4\ARM_GCC_541\Release\minimum_rust_start_signed.hex
No ELF section .cychecksum found, creating one
Application checksum calculated and stored in ELF section .cychecksum
Checksum calculated and stored in ELF section .cymeta
"C:\Program Files (x86)\Cypress\PDL\3.1.3\tools\win\elf\cymcuelftool.exe" --merge C:\Users\Dave\Documents\fossils\psoc_start\psoc\Rust\minimum_rust_start.cydsn\CortexM4\ARM_GCC_541\Release\minimum_rust_start_signed.elf C:\Users\Dave\Documents\fossils\psoc_start\psoc\Rust\minimum_rust_start.cydsn\CortexM0p\ARM_GCC_541\Release\minimum_rust_start.elf --output C:\Users\Dave\Documents\fossils\psoc_start\psoc\Rust\minimum_rust_start.cydsn\CortexM4\ARM_GCC_541\Release\minimum_rust_start.elf --hex C:\Users\Dave\Documents\fossils\psoc_start\psoc\Rust\minimum_rust_start.cydsn\CortexM4\ARM_GCC_541\Release\minimum_rust_start.hex
Application checksum calculated and stored in ELF section .cychecksum
Checksum calculated and stored in ELF section .cymeta
"C:\Program Files (x86)\Cypress\PDL\3.1.3\tools\win\elf\cymcuelftool.exe" -A C:\Users\Dave\Documents\fossils\psoc_start\psoc\Rust\minimum_rust_start.cydsn\CortexM4\ARM_GCC_541\Release\minimum_rust_start.elf
code:22644	sram:1924
--------------- Build Succeeded: 10/22/2022 15:04:41 ---------------
