--------------- Clean Started: 10/22/2022 15:08:30 Project: minimum_rust_start, Configuration: ARM GCC 5.4-2016-q2-update Release ---------------
Deleting file ".\CortexM0p\ARM_GCC_541\Release\startup_psoc6_01_cm0plus.o"
Deleting file ".\CortexM0p\ARM_GCC_541\Release\main_cm0p.o"
Deleting file ".\CortexM0p\ARM_GCC_541\Release\system_psoc6_cm0plus.o"
Deleting file ".\CortexM0p\ARM_GCC_541\Release\cyfitter_sysint_cfg.o"
Deleting file ".\CortexM0p\ARM_GCC_541\Release\cyfitter_cfg.o"
Deleting file ".\CortexM0p\ARM_GCC_541\Release\cymetadata.o"
Deleting file ".\CortexM0p\ARM_GCC_541\Release\cy_efuse.o"
Deleting file ".\CortexM0p\ARM_GCC_541\Release\cy_flash.o"
Deleting file ".\CortexM0p\ARM_GCC_541\Release\cy_gpio.o"
Deleting file ".\CortexM0p\ARM_GCC_541\Release\cy_ipc_drv.o"
Deleting file ".\CortexM0p\ARM_GCC_541\Release\cy_ipc_sema.o"
Deleting file ".\CortexM0p\ARM_GCC_541\Release\cy_ipc_pipe.o"
Deleting file ".\CortexM0p\ARM_GCC_541\Release\cy_lvd.o"
Deleting file ".\CortexM0p\ARM_GCC_541\Release\cy_profile.o"
Deleting file ".\CortexM0p\ARM_GCC_541\Release\cy_prot.o"
Deleting file ".\CortexM0p\ARM_GCC_541\Release\cy_sysanalog.o"
Deleting file ".\CortexM0p\ARM_GCC_541\Release\cy_sysclk.o"
Deleting file ".\CortexM0p\ARM_GCC_541\Release\cy_sysint.o"
Deleting file ".\CortexM0p\ARM_GCC_541\Release\cy_syslib.o"
Deleting file ".\CortexM0p\ARM_GCC_541\Release\cy_syslib_gcc.o"
Deleting file ".\CortexM0p\ARM_GCC_541\Release\cy_syspm.o"
Deleting file ".\CortexM0p\ARM_GCC_541\Release\cy_systick.o"
Deleting file ".\CortexM0p\ARM_GCC_541\Release\cy_trigmux.o"
Deleting file ".\CortexM0p\ARM_GCC_541\Release\cy_wdt.o"
Deleting file ".\CortexM0p\ARM_GCC_541\Release\cy_device.o"
Deleting file ".\CortexM0p\ARM_GCC_541\Release\cy_ble_clk.o"
Deleting file ".\CortexM0p\ARM_GCC_541\Release\minimum_rust_start.hex"
Deleting file ".\CortexM0p\ARM_GCC_541\Release\minimum_rust_start.elf"
Deleting file ".\CortexM0p\ARM_GCC_541\Release\minimum_rust_start.map"
Deleting file ".\minimum_rust_start.cycdx"
Deleting file ".\minimum_rust_start.rpt"
Deleting file ".\minimum_rust_start_timing.html"
Deleting file ".\CortexM0p\ARM_GCC_541\Release\.deps\SOURCE_C__ARM_GCC_GENERIC.P"
Deleting file ".\CortexM4\ARM_GCC_541\Release\startup_psoc6_01_cm4.o"
Deleting file ".\CortexM4\ARM_GCC_541\Release\main_cm4.o"
Deleting file ".\CortexM4\ARM_GCC_541\Release\system_psoc6_cm4.o"
Deleting file ".\CortexM4\ARM_GCC_541\Release\cyfitter_sysint_cfg.o"
Deleting file ".\CortexM4\ARM_GCC_541\Release\cymetadata.o"
Deleting file ".\CortexM4\ARM_GCC_541\Release\cy_efuse.o"
Deleting file ".\CortexM4\ARM_GCC_541\Release\cy_flash.o"
Deleting file ".\CortexM4\ARM_GCC_541\Release\cy_gpio.o"
Deleting file ".\CortexM4\ARM_GCC_541\Release\cy_ipc_drv.o"
Deleting file ".\CortexM4\ARM_GCC_541\Release\cy_ipc_sema.o"
Deleting file ".\CortexM4\ARM_GCC_541\Release\cy_ipc_pipe.o"
Deleting file ".\CortexM4\ARM_GCC_541\Release\cy_lvd.o"
Deleting file ".\CortexM4\ARM_GCC_541\Release\cy_profile.o"
Deleting file ".\CortexM4\ARM_GCC_541\Release\cy_prot.o"
Deleting file ".\CortexM4\ARM_GCC_541\Release\cy_sysanalog.o"
Deleting file ".\CortexM4\ARM_GCC_541\Release\cy_sysclk.o"
Deleting file ".\CortexM4\ARM_GCC_541\Release\cy_sysint.o"
Deleting file ".\CortexM4\ARM_GCC_541\Release\cy_syslib.o"
Deleting file ".\CortexM4\ARM_GCC_541\Release\cy_syslib_gcc.o"
Deleting file ".\CortexM4\ARM_GCC_541\Release\cy_syspm.o"
Deleting file ".\CortexM4\ARM_GCC_541\Release\cy_systick.o"
Deleting file ".\CortexM4\ARM_GCC_541\Release\cy_trigmux.o"
Deleting file ".\CortexM4\ARM_GCC_541\Release\cy_wdt.o"
Deleting file ".\CortexM4\ARM_GCC_541\Release\cy_device.o"
Deleting file ".\CortexM4\ARM_GCC_541\Release\cy_ble_clk.o"
Deleting file ".\CortexM4\ARM_GCC_541\Release\minimum_rust_start.hex"
Deleting file ".\CortexM4\ARM_GCC_541\Release\minimum_rust_start.elf"
Deleting file ".\CortexM4\ARM_GCC_541\Release\minimum_rust_start.map"
Deleting file ".\CortexM4\ARM_GCC_541\Release\.deps\SOURCE_C__ARM_GCC_GENERIC.P"
--------------- Clean Succeeded: 10/22/2022 15:08:30 ---------------
